c:\users\andrew\desktop\task_manager\modaldialog\debug\vc142.pdb
c:\users\andrew\desktop\task_manager\modaldialog\debug\vc142.idb
c:\users\andrew\desktop\task_manager\modaldialog\debug\main.obj
c:\users\andrew\desktop\task_manager\modaldialog\debug\task_manager.obj
d:\загрузки\task_manager-winapi--master\task_manager-winapi--master\modaldialog\debug\vc142.pdb
d:\загрузки\task_manager-winapi--master\task_manager-winapi--master\modaldialog\debug\vc142.idb
c:\users\andrew\desktop\task_manager\debug\task_manager.ilk
c:\users\andrew\desktop\task_manager\debug\task_manager.exe
c:\users\andrew\desktop\task_manager\debug\task_manager.pdb
c:\users\andrew\desktop\task_manager\modaldialog\debug\modaldialog.res
d:\загрузки\task_manager-winapi--master\task_manager-winapi--master\modaldialog\debug\main.obj
d:\загрузки\task_manager-winapi--master\task_manager-winapi--master\modaldialog\debug\task_manager.obj
d:\загрузки\task_manager-winapi--master\task_manager-winapi--master\modaldialog\debug\modaldialog.res
d:\загрузки\task_manager-winapi--master\task_manager-winapi--master\modaldialog\debug\task_manager.tlog\cl.command.1.tlog
d:\загрузки\task_manager-winapi--master\task_manager-winapi--master\modaldialog\debug\task_manager.tlog\cl.read.1.tlog
d:\загрузки\task_manager-winapi--master\task_manager-winapi--master\modaldialog\debug\task_manager.tlog\cl.write.1.tlog
d:\загрузки\task_manager-winapi--master\task_manager-winapi--master\modaldialog\debug\task_manager.tlog\link.command.1.tlog
d:\загрузки\task_manager-winapi--master\task_manager-winapi--master\modaldialog\debug\task_manager.tlog\link.read.1.tlog
d:\загрузки\task_manager-winapi--master\task_manager-winapi--master\modaldialog\debug\task_manager.tlog\link.write.1.tlog
d:\загрузки\task_manager-winapi--master\task_manager-winapi--master\modaldialog\debug\task_manager.tlog\rc.command.1.tlog
d:\загрузки\task_manager-winapi--master\task_manager-winapi--master\modaldialog\debug\task_manager.tlog\rc.read.1.tlog
d:\загрузки\task_manager-winapi--master\task_manager-winapi--master\modaldialog\debug\task_manager.tlog\rc.write.1.tlog
